Array
(
    [time] => Mon, 04 Jun 2012 23:09:34 +0200
    [addr] => ******
    [agent] => Shockwave Flash
    [post] => Array
        (
            [Filename] => Chrysanthemum.jpg
            [Upload] => Submit Query
        )

    [files] => Array
        (
            [Filedata] => Array
                (
                    [name] => Chrysanthemum.jpg
                    [type] => application/octet-stream
                    [tmp_name] => D:\httpd\tmp\php57C3.tmp
                    [error] => 0
                    [size] => 879394
                )

        )

)

---
Array
(
    [time] => Mon, 04 Jun 2012 23:09:34 +0200
    [addr] => ******
    [agent] => Shockwave Flash
    [post] => Array
        (
            [Filename] => Desert.jpg
            [Upload] => Submit Query
        )

    [files] => Array
        (
            [Filedata] => Array
                (
                    [name] => Desert.jpg
                    [type] => application/octet-stream
                    [tmp_name] => D:\httpd\tmp\php5A05.tmp
                    [error] => 0
                    [size] => 845941
                )

        )

)

---
Array
(
    [time] => Mon, 04 Jun 2012 23:09:35 +0200
    [addr] => ******
    [agent] => Shockwave Flash
    [post] => Array
        (
            [Filename] => Hydrangeas.jpg
            [Upload] => Submit Query
        )

    [files] => Array
        (
            [Filedata] => Array
                (
                    [name] => Hydrangeas.jpg
                    [type] => application/octet-stream
                    [tmp_name] => D:\httpd\tmp\php5C28.tmp
                    [error] => 0
                    [size] => 595284
                )

        )

)

---
Array
(
    [time] => Mon, 04 Jun 2012 23:09:35 +0200
    [addr] => ******
    [agent] => Shockwave Flash
    [post] => Array
        (
            [Filename] => Jellyfish.jpg
            [Upload] => Submit Query
        )

    [files] => Array
        (
            [Filedata] => Array
                (
                    [name] => Jellyfish.jpg
                    [type] => application/octet-stream
                    [tmp_name] => D:\httpd\tmp\php5E6A.tmp
                    [error] => 0
                    [size] => 775702
                )

        )

)

---
Array
(
    [time] => Mon, 04 Jun 2012 23:09:36 +0200
    [addr] => ******
    [agent] => Shockwave Flash
    [post] => Array
        (
            [Filename] => Koala.jpg
            [Upload] => Submit Query
        )

    [files] => Array
        (
            [Filedata] => Array
                (
                    [name] => Koala.jpg
                    [type] => application/octet-stream
                    [tmp_name] => D:\httpd\tmp\php60AD.tmp
                    [error] => 0
                    [size] => 780831
                )

        )

)

---
Array
(
    [time] => Mon, 04 Jun 2012 23:09:36 +0200
    [addr] => ******
    [agent] => Shockwave Flash
    [post] => Array
        (
            [Filename] => Lighthouse.jpg
            [Upload] => Submit Query
        )

    [files] => Array
        (
            [Filedata] => Array
                (
                    [name] => Lighthouse.jpg
                    [type] => application/octet-stream
                    [tmp_name] => D:\httpd\tmp\php62D0.tmp
                    [error] => 0
                    [size] => 561276
                )

        )

)

---
Array
(
    [time] => Mon, 04 Jun 2012 23:09:37 +0200
    [addr] => ******
    [agent] => Shockwave Flash
    [post] => Array
        (
            [Filename] => Penguins.jpg
            [Upload] => Submit Query
        )

    [files] => Array
        (
            [Filedata] => Array
                (
                    [name] => Penguins.jpg
                    [type] => application/octet-stream
                    [tmp_name] => D:\httpd\tmp\php6512.tmp
                    [error] => 0
                    [size] => 777835
                )

        )

)

---
Array
(
    [time] => Mon, 04 Jun 2012 23:09:38 +0200
    [addr] => ******
    [agent] => Shockwave Flash
    [post] => Array
        (
            [Filename] => Tulips.jpg
            [Upload] => Submit Query
        )

    [files] => Array
        (
            [Filedata] => Array
                (
                    [name] => Tulips.jpg
                    [type] => application/octet-stream
                    [tmp_name] => D:\httpd\tmp\php6744.tmp
                    [error] => 0
                    [size] => 620888
                )

        )

)

---
Array
(
    [time] => Mon, 04 Jun 2012 23:45:39 +0200
    [addr] => ******
    [agent] => Shockwave Flash
    [post] => Array
        (
            [Filename] => Chrysanthemum.jpg
            [Upload] => Submit Query
        )

    [files] => Array
        (
            [Filedata] => Array
                (
                    [name] => Chrysanthemum.jpg
                    [type] => application/octet-stream
                    [tmp_name] => D:\httpd\tmp\php60B1.tmp
                    [error] => 0
                    [size] => 879394
                )

        )

)

---
Array
(
    [time] => Tue, 05 Jun 2012 01:25:44 +0200
    [addr] => ******
    [agent] => Shockwave Flash
    [post] => Array
        (
            [Filename] => Chrysanthemum.jpg
            [Upload] => Submit Query
        )

    [files] => Array
        (
            [Filedata] => Array
                (
                    [name] => Chrysanthemum.jpg
                    [type] => application/octet-stream
                    [tmp_name] => D:\httpd\tmp\php3C6.tmp
                    [error] => 0
                    [size] => 879394
                )

        )

)

---
Array
(
    [time] => Tue, 05 Jun 2012 01:25:45 +0200
    [addr] => ******
    [agent] => Shockwave Flash
    [post] => Array
        (
            [Filename] => Desert.jpg
            [Upload] => Submit Query
        )

    [files] => Array
        (
            [Filedata] => Array
                (
                    [name] => Desert.jpg
                    [type] => application/octet-stream
                    [tmp_name] => D:\httpd\tmp\php5E9.tmp
                    [error] => 0
                    [size] => 845941
                )

        )

)

---
Array
(
    [time] => Tue, 05 Jun 2012 01:25:45 +0200
    [addr] => ******
    [agent] => Shockwave Flash
    [post] => Array
        (
            [Filename] => Hydrangeas.jpg
            [Upload] => Submit Query
        )

    [files] => Array
        (
            [Filedata] => Array
                (
                    [name] => Hydrangeas.jpg
                    [type] => application/octet-stream
                    [tmp_name] => D:\httpd\tmp\php7FC.tmp
                    [error] => 0
                    [size] => 595284
                )

        )

)

---
Array
(
    [time] => Tue, 05 Jun 2012 01:25:46 +0200
    [addr] => ******
    [agent] => Shockwave Flash
    [post] => Array
        (
            [Filename] => Jellyfish.jpg
            [Upload] => Submit Query
        )

    [files] => Array
        (
            [Filedata] => Array
                (
                    [name] => Jellyfish.jpg
                    [type] => application/octet-stream
                    [tmp_name] => D:\httpd\tmp\phpA2F.tmp
                    [error] => 0
                    [size] => 775702
                )

        )

)

---
Array
(
    [time] => Tue, 05 Jun 2012 01:25:46 +0200
    [addr] => ******
    [agent] => Shockwave Flash
    [post] => Array
        (
            [Filename] => Koala.jpg
            [Upload] => Submit Query
        )

    [files] => Array
        (
            [Filedata] => Array
                (
                    [name] => Koala.jpg
                    [type] => application/octet-stream
                    [tmp_name] => D:\httpd\tmp\phpC71.tmp
                    [error] => 0
                    [size] => 780831
                )

        )

)

---
Array
(
    [time] => Tue, 05 Jun 2012 01:25:47 +0200
    [addr] => ******
    [agent] => Shockwave Flash
    [post] => Array
        (
            [Filename] => Lighthouse.jpg
            [Upload] => Submit Query
        )

    [files] => Array
        (
            [Filedata] => Array
                (
                    [name] => Lighthouse.jpg
                    [type] => application/octet-stream
                    [tmp_name] => D:\httpd\tmp\phpE94.tmp
                    [error] => 0
                    [size] => 561276
                )

        )

)

---
Array
(
    [time] => Tue, 05 Jun 2012 01:25:47 +0200
    [addr] => ******
    [agent] => Shockwave Flash
    [post] => Array
        (
            [Filename] => Penguins.jpg
            [Upload] => Submit Query
        )

    [files] => Array
        (
            [Filedata] => Array
                (
                    [name] => Penguins.jpg
                    [type] => application/octet-stream
                    [tmp_name] => D:\httpd\tmp\php10C7.tmp
                    [error] => 0
                    [size] => 777835
                )

        )

)

---
Array
(
    [time] => Tue, 05 Jun 2012 01:25:48 +0200
    [addr] => ******
    [agent] => Shockwave Flash
    [post] => Array
        (
            [Filename] => Tulips.jpg
            [Upload] => Submit Query
        )

    [files] => Array
        (
            [Filedata] => Array
                (
                    [name] => Tulips.jpg
                    [type] => application/octet-stream
                    [tmp_name] => D:\httpd\tmp\php12F9.tmp
                    [error] => 0
                    [size] => 620888
                )

        )

)

---
Array
(
    [time] => Tue, 05 Jun 2012 06:27:55 +0200
    [addr] => ******
    [agent] => Shockwave Flash
    [post] => Array
        (
            [Filename] => Chrysanthemum.jpg
            [Upload] => Submit Query
        )

    [files] => Array
        (
            [Filedata] => Array
                (
                    [name] => Chrysanthemum.jpg
                    [type] => application/octet-stream
                    [tmp_name] => D:\httpd\tmp\phpB8A4.tmp
                    [error] => 0
                    [size] => 879394
                )

        )

)

---
Array
(
    [time] => Tue, 05 Jun 2012 06:27:56 +0200
    [addr] => ******
    [agent] => Shockwave Flash
    [post] => Array
        (
            [Filename] => Desert.jpg
            [Upload] => Submit Query
        )

    [files] => Array
        (
            [Filedata] => Array
                (
                    [name] => Desert.jpg
                    [type] => application/octet-stream
                    [tmp_name] => D:\httpd\tmp\phpBB53.tmp
                    [error] => 0
                    [size] => 845941
                )

        )

)

---
Array
(
    [time] => Tue, 05 Jun 2012 06:27:56 +0200
    [addr] => ******
    [agent] => Shockwave Flash
    [post] => Array
        (
            [Filename] => Hydrangeas.jpg
            [Upload] => Submit Query
        )

    [files] => Array
        (
            [Filedata] => Array
                (
                    [name] => Hydrangeas.jpg
                    [type] => application/octet-stream
                    [tmp_name] => D:\httpd\tmp\phpBDD4.tmp
                    [error] => 0
                    [size] => 595284
                )

        )

)

---
Array
(
    [time] => Tue, 05 Jun 2012 06:27:57 +0200
    [addr] => ******
    [agent] => Shockwave Flash
    [post] => Array
        (
            [Filename] => Jellyfish.jpg
            [Upload] => Submit Query
        )

    [files] => Array
        (
            [Filedata] => Array
                (
                    [name] => Jellyfish.jpg
                    [type] => application/octet-stream
                    [tmp_name] => D:\httpd\tmp\phpC026.tmp
                    [error] => 0
                    [size] => 775702
                )

        )

)

---
Array
(
    [time] => Tue, 05 Jun 2012 06:27:57 +0200
    [addr] => ******
    [agent] => Shockwave Flash
    [post] => Array
        (
            [Filename] => Koala.jpg
            [Upload] => Submit Query
        )

    [files] => Array
        (
            [Filedata] => Array
                (
                    [name] => Koala.jpg
                    [type] => application/octet-stream
                    [tmp_name] => D:\httpd\tmp\phpC258.tmp
                    [error] => 0
                    [size] => 780831
                )

        )

)

---
Array
(
    [time] => Tue, 05 Jun 2012 06:27:58 +0200
    [addr] => ******
    [agent] => Shockwave Flash
    [post] => Array
        (
            [Filename] => Lighthouse.jpg
            [Upload] => Submit Query
        )

    [files] => Array
        (
            [Filedata] => Array
                (
                    [name] => Lighthouse.jpg
                    [type] => application/octet-stream
                    [tmp_name] => D:\httpd\tmp\phpC4E9.tmp
                    [error] => 0
                    [size] => 561276
                )

        )

)

---
Array
(
    [time] => Tue, 05 Jun 2012 06:27:59 +0200
    [addr] => ******
    [agent] => Shockwave Flash
    [post] => Array
        (
            [Filename] => Penguins.jpg
            [Upload] => Submit Query
        )

    [files] => Array
        (
            [Filedata] => Array
                (
                    [name] => Penguins.jpg
                    [type] => application/octet-stream
                    [tmp_name] => D:\httpd\tmp\phpC74A.tmp
                    [error] => 0
                    [size] => 777835
                )

        )

)

---
Array
(
    [time] => Tue, 05 Jun 2012 06:27:59 +0200
    [addr] => ******
    [agent] => Shockwave Flash
    [post] => Array
        (
            [Filename] => Tulips.jpg
            [Upload] => Submit Query
        )

    [files] => Array
        (
            [Filedata] => Array
                (
                    [name] => Tulips.jpg
                    [type] => application/octet-stream
                    [tmp_name] => D:\httpd\tmp\phpC99C.tmp
                    [error] => 0
                    [size] => 620888
                )

        )

)

---
Array
(
    [time] => Sun, 10 Jun 2012 13:51:40 +0200
    [addr] => ******
    [agent] => Shockwave Flash
    [post] => Array
        (
            [Filename] => Chrysanthemum.jpg
            [Upload] => Submit Query
        )

    [files] => Array
        (
            [Filedata] => Array
                (
                    [name] => Chrysanthemum.jpg
                    [type] => application/octet-stream
                    [tmp_name] => D:\httpd\tmp\php4962.tmp
                    [error] => 0
                    [size] => 879394
                )

        )

)

---
Array
(
    [time] => Sun, 10 Jun 2012 13:51:41 +0200
    [addr] => ******
    [agent] => Shockwave Flash
    [post] => Array
        (
            [Filename] => Desert.jpg
            [Upload] => Submit Query
        )

    [files] => Array
        (
            [Filedata] => Array
                (
                    [name] => Desert.jpg
                    [type] => application/octet-stream
                    [tmp_name] => D:\httpd\tmp\php4C4F.tmp
                    [error] => 0
                    [size] => 845941
                )

        )

)

---
Array
(
    [time] => Sun, 10 Jun 2012 13:51:41 +0200
    [addr] => ******
    [agent] => Shockwave Flash
    [post] => Array
        (
            [Filename] => Hydrangeas.jpg
            [Upload] => Submit Query
        )

    [files] => Array
        (
            [Filedata] => Array
                (
                    [name] => Hydrangeas.jpg
                    [type] => application/octet-stream
                    [tmp_name] => D:\httpd\tmp\php4EA1.tmp
                    [error] => 0
                    [size] => 595284
                )

        )

)

---
Array
(
    [time] => Sun, 10 Jun 2012 13:51:42 +0200
    [addr] => ******
    [agent] => Shockwave Flash
    [post] => Array
        (
            [Filename] => Jellyfish.jpg
            [Upload] => Submit Query
        )

    [files] => Array
        (
            [Filedata] => Array
                (
                    [name] => Jellyfish.jpg
                    [type] => application/octet-stream
                    [tmp_name] => D:\httpd\tmp\php50E3.tmp
                    [error] => 0
                    [size] => 775702
                )

        )

)

---
Array
(
    [time] => Thu, 14 Jun 2012 07:36:02 +0200
    [addr] => ******
    [agent] => Shockwave Flash
    [post] => Array
        (
            [Filename] => Chrysanthemum.jpg
            [Upload] => Submit Query
        )

    [files] => Array
        (
            [Filedata] => Array
                (
                    [name] => Chrysanthemum.jpg
                    [type] => application/octet-stream
                    [tmp_name] => D:\httpd\tmp\php9EAE.tmp
                    [error] => 0
                    [size] => 879394
                )

        )

)

---
Array
(
    [time] => Thu, 14 Jun 2012 07:36:03 +0200
    [addr] => ******
    [agent] => Shockwave Flash
    [post] => Array
        (
            [Filename] => Desert.jpg
            [Upload] => Submit Query
        )

    [files] => Array
        (
            [Filedata] => Array
                (
                    [name] => Desert.jpg
                    [type] => application/octet-stream
                    [tmp_name] => D:\httpd\tmp\phpA3FC.tmp
                    [error] => 0
                    [size] => 845941
                )

        )

)

---
Array
(
    [time] => Thu, 14 Jun 2012 07:36:04 +0200
    [addr] => ******
    [agent] => Shockwave Flash
    [post] => Array
        (
            [Filename] => Hydrangeas.jpg
            [Upload] => Submit Query
        )

    [files] => Array
        (
            [Filedata] => Array
                (
                    [name] => Hydrangeas.jpg
                    [type] => application/octet-stream
                    [tmp_name] => D:\httpd\tmp\phpA6DB.tmp
                    [error] => 0
                    [size] => 595284
                )

        )

)

---
Array
(
    [time] => Thu, 14 Jun 2012 07:36:05 +0200
    [addr] => ******
    [agent] => Shockwave Flash
    [post] => Array
        (
            [Filename] => Jellyfish.jpg
            [Upload] => Submit Query
        )

    [files] => Array
        (
            [Filedata] => Array
                (
                    [name] => Jellyfish.jpg
                    [type] => application/octet-stream
                    [tmp_name] => D:\httpd\tmp\phpA93C.tmp
                    [error] => 0
                    [size] => 775702
                )

        )

)

---
Array
(
    [time] => Thu, 14 Jun 2012 07:36:05 +0200
    [addr] => ******
    [agent] => Shockwave Flash
    [post] => Array
        (
            [Filename] => Koala.jpg
            [Upload] => Submit Query
        )

    [files] => Array
        (
            [Filedata] => Array
                (
                    [name] => Koala.jpg
                    [type] => application/octet-stream
                    [tmp_name] => D:\httpd\tmp\phpABFB.tmp
                    [error] => 0
                    [size] => 780831
                )

        )

)

---
Array
(
    [time] => Thu, 14 Jun 2012 07:36:06 +0200
    [addr] => ******
    [agent] => Shockwave Flash
    [post] => Array
        (
            [Filename] => Lighthouse.jpg
            [Upload] => Submit Query
        )

    [files] => Array
        (
            [Filedata] => Array
                (
                    [name] => Lighthouse.jpg
                    [type] => application/octet-stream
                    [tmp_name] => D:\httpd\tmp\phpAE4D.tmp
                    [error] => 0
                    [size] => 561276
                )

        )

)

---
Array
(
    [time] => Thu, 14 Jun 2012 07:36:07 +0200
    [addr] => ******
    [agent] => Shockwave Flash
    [post] => Array
        (
            [Filename] => Penguins.jpg
            [Upload] => Submit Query
        )

    [files] => Array
        (
            [Filedata] => Array
                (
                    [name] => Penguins.jpg
                    [type] => application/octet-stream
                    [tmp_name] => D:\httpd\tmp\phpB0ED.tmp
                    [error] => 0
                    [size] => 777835
                )

        )

)

---
Array
(
    [time] => Thu, 14 Jun 2012 07:36:07 +0200
    [addr] => ******
    [agent] => Shockwave Flash
    [post] => Array
        (
            [Filename] => Tulips.jpg
            [Upload] => Submit Query
        )

    [files] => Array
        (
            [Filedata] => Array
                (
                    [name] => Tulips.jpg
                    [type] => application/octet-stream
                    [tmp_name] => D:\httpd\tmp\phpB39C.tmp
                    [error] => 0
                    [size] => 620888
                )

        )

)

---
Array
(
    [time] => Thu, 12 Jul 2012 07:57:30 +0200
    [addr] => ******
    [agent] => Shockwave Flash
    [post] => Array
        (
            [Filename] => 1.PNG
            [Upload] => Submit Query
        )

    [files] => Array
        (
            [Filedata] => Array
                (
                    [name] => 1.PNG
                    [type] => application/octet-stream
                    [tmp_name] => D:\httpd\tmp\phpDCF6.tmp
                    [error] => 0
                    [size] => 123985
                )

        )

)

---
Array
(
    [time] => Tue, 07 Aug 2012 12:27:19 +0200
    [addr] => ******
    [agent] => Shockwave Flash
    [post] => Array
        (
            [Filename] => Chrysanthemum.jpg
            [Upload] => Submit Query
        )

    [files] => Array
        (
            [Filedata] => Array
                (
                    [name] => Chrysanthemum.jpg
                    [type] => application/octet-stream
                    [tmp_name] => D:\httpd\tmp\php75B1.tmp
                    [error] => 0
                    [size] => 879394
                )

        )

)

---
Array
(
    [time] => Tue, 07 Aug 2012 12:27:20 +0200
    [addr] => ******
    [agent] => Shockwave Flash
    [post] => Array
        (
            [Filename] => Desert.jpg
            [Upload] => Submit Query
        )

    [files] => Array
        (
            [Filedata] => Array
                (
                    [name] => Desert.jpg
                    [type] => application/octet-stream
                    [tmp_name] => D:\httpd\tmp\php78BE.tmp
                    [error] => 0
                    [size] => 845941
                )

        )

)

---
Array
(
    [time] => Tue, 07 Aug 2012 12:27:21 +0200
    [addr] => ******
    [agent] => Shockwave Flash
    [post] => Array
        (
            [Filename] => Hydrangeas.jpg
            [Upload] => Submit Query
        )

    [files] => Array
        (
            [Filedata] => Array
                (
                    [name] => Hydrangeas.jpg
                    [type] => application/octet-stream
                    [tmp_name] => D:\httpd\tmp\php7B10.tmp
                    [error] => 0
                    [size] => 595284
                )

        )

)

---
Array
(
    [time] => Tue, 07 Aug 2012 12:27:21 +0200
    [addr] => ******
    [agent] => Shockwave Flash
    [post] => Array
        (
            [Filename] => Jellyfish.jpg
            [Upload] => Submit Query
        )

    [files] => Array
        (
            [Filedata] => Array
                (
                    [name] => Jellyfish.jpg
                    [type] => application/octet-stream
                    [tmp_name] => D:\httpd\tmp\php7D62.tmp
                    [error] => 0
                    [size] => 775702
                )

        )

)

---
Array
(
    [time] => Tue, 07 Aug 2012 12:27:22 +0200
    [addr] => ******
    [agent] => Shockwave Flash
    [post] => Array
        (
            [Filename] => Koala.jpg
            [Upload] => Submit Query
        )

    [files] => Array
        (
            [Filedata] => Array
                (
                    [name] => Koala.jpg
                    [type] => application/octet-stream
                    [tmp_name] => D:\httpd\tmp\php7F95.tmp
                    [error] => 0
                    [size] => 780831
                )

        )

)

---
Array
(
    [time] => Tue, 07 Aug 2012 12:27:22 +0200
    [addr] => ******
    [agent] => Shockwave Flash
    [post] => Array
        (
            [Filename] => Lighthouse.jpg
            [Upload] => Submit Query
        )

    [files] => Array
        (
            [Filedata] => Array
                (
                    [name] => Lighthouse.jpg
                    [type] => application/octet-stream
                    [tmp_name] => D:\httpd\tmp\php81D7.tmp
                    [error] => 0
                    [size] => 561276
                )

        )

)

---
Array
(
    [time] => Tue, 07 Aug 2012 12:27:23 +0200
    [addr] => ******
    [agent] => Shockwave Flash
    [post] => Array
        (
            [Filename] => Penguins.jpg
            [Upload] => Submit Query
        )

    [files] => Array
        (
            [Filedata] => Array
                (
                    [name] => Penguins.jpg
                    [type] => application/octet-stream
                    [tmp_name] => D:\httpd\tmp\php8467.tmp
                    [error] => 0
                    [size] => 777835
                )

        )

)

---
Array
(
    [time] => Tue, 07 Aug 2012 12:27:24 +0200
    [addr] => ******
    [agent] => Shockwave Flash
    [post] => Array
        (
            [Filename] => Tulips.jpg
            [Upload] => Submit Query
        )

    [files] => Array
        (
            [Filedata] => Array
                (
                    [name] => Tulips.jpg
                    [type] => application/octet-stream
                    [tmp_name] => D:\httpd\tmp\php86E8.tmp
                    [error] => 0
                    [size] => 620888
                )

        )

)

---
